<?xml version="1.0" encoding="UTF-8"?>
<testsuite xmlns:xsi="http://www.w3.org/2001/XMLSchema-instance" xsi:noNamespaceSchemaLocation="https://maven.apache.org/surefire/maven-surefire-plugin/xsd/surefire-test-report-3.0.xsd" version="3.0" name="com.example.Veterinaria.App.VeterinariaApplicationTests" time="12.137" tests="1" errors="0" skipped="0" failures="0">
  <properties>
[...]
</properties>
  <testcase name="contextLoads" classname="com.example.Veterinaria.App.VeterinariaApplicationTests" time="2.198">
    <system-out><![CDATA[21:34:14.958 [main] INFO org.springframework.test.context.support.AnnotationConfigContextLoaderUtils -- Could not detect default configuration classes for test class [com.example.Veterinaria.App.VeterinariaApplicationTests]: VeterinariaApplicationTests does not declare any static, non-private, non-final, nested classes annotated with @Configuration.
21:34:15.302 [main] INFO org.springframework.boot.test.context.SpringBootTestContextBootstrapper -- Found @SpringBootConfiguration com.example.Veterinaria.App.VeterinariaApplication for test class com.example.Veterinaria.App.VeterinariaApplicationTests
21:34:15.859 [main] INFO org.springframework.boot.devtools.restart.RestartApplicationListener -- Restart disabled due to context in which it is running

  .   ____          _            __ _ _
 /\\ / ___'_ __ _ _(_)_ __  __ _ \ \ \ \
( ( )\___ | '_ | '_| | '_ \/ _` | \ \ \ \
 \\/  ___)| |_)| | | | | || (_| |  ) ) ) )
  '  |____| .__|_| |_|_| |_\__, | / / / /
 =========|_|==============|___/=/_/_/_/
 :: Spring Boot ::                (v3.2.5)

2024-06-03T21:34:16.494-05:00  INFO 13624 --- [Veterinaria] [           main] c.e.V.App.VeterinariaApplicationTests    : Starting VeterinariaApplicationTests using Java 17.0.6 with PID 13624 (started by Lewis in C:\Users\Lewis\Desktop\ProyectosCv\Veterinaria\Veterinaria)
2024-06-03T21:34:16.497-05:00  INFO 13624 --- [Veterinaria] [           main] c.e.V.App.VeterinariaApplicationTests    : No active profile set, falling back to 1 default profile: "default"
2024-06-03T21:34:18.423-05:00  INFO 13624 --- [Veterinaria] [           main] .s.d.r.c.RepositoryConfigurationDelegate : Bootstrapping Spring Data MongoDB repositories in DEFAULT mode.
2024-06-03T21:34:18.571-05:00  INFO 13624 --- [Veterinaria] [           main] .s.d.r.c.RepositoryConfigurationDelegate : Finished Spring Data repository scanning in 139 ms. Found 5 MongoDB repository interfaces.
2024-06-03T21:34:20.275-05:00  INFO 13624 --- [Veterinaria] [f6u.mongodb.net] org.mongodb.driver.cluster               : Adding discovered server ac-pxhvdaq-shard-00-02.bjgtf6u.mongodb.net:27017 to client view of cluster
2024-06-03T21:34:20.333-05:00  INFO 13624 --- [Veterinaria] [           main] org.mongodb.driver.client                : MongoClient with metadata {"driver": {"name": "mongo-java-driver|sync|spring-boot", "version": "4.11.2"}, "os": {"type": "Windows", "name": "Windows 10", "architecture": "amd64", "version": "10.0"}, "platform": "Java/Oracle Corporation/17.0.6+9-LTS-190"} created with settings MongoClientSettings{readPreference=primary, writeConcern=WriteConcern{w=null, wTimeout=null ms, journal=null}, retryWrites=true, retryReads=true, readConcern=ReadConcern{level=null}, credential=MongoCredential{mechanism=null, userName='silvianatalia081', source='admin', password=<hidden>, mechanismProperties=<hidden>}, transportSettings=null, streamFactoryFactory=null, commandListeners=[], codecRegistry=ProvidersCodecRegistry{codecProviders=[ValueCodecProvider{}, BsonValueCodecProvider{}, DBRefCodecProvider{}, DBObjectCodecProvider{}, DocumentCodecProvider{}, CollectionCodecProvider{}, IterableCodecProvider{}, MapCodecProvider{}, GeoJsonCodecProvider{}, GridFSFileCodecProvider{}, Jsr310CodecProvider{}, JsonObjectCodecProvider{}, BsonCodecProvider{}, EnumCodecProvider{}, com.mongodb.client.model.mql.ExpressionCodecProvider@405b6d75, com.mongodb.Jep395RecordCodecProvider@682abca7, com.mongodb.KotlinCodecProvider@1d858300]}, loggerSettings=LoggerSettings{maxDocumentLength=1000}, clusterSettings={hosts=[127.0.0.1:27017], srvHost=bdajurado.bjgtf6u.mongodb.net, srvServiceName=mongodb, mode=MULTIPLE, requiredClusterType=REPLICA_SET, requiredReplicaSetName='atlas-58cirg-shard-0', serverSelector='null', clusterListeners='[]', serverSelectionTimeout='30000 ms', localThreshold='15 ms'}, socketSettings=SocketSettings{connectTimeoutMS=10000, readTimeoutMS=0, receiveBufferSize=0, proxySettings=ProxySettings{host=null, port=null, username=null, password=null}}, heartbeatSocketSettings=SocketSettings{connectTimeoutMS=10000, readTimeoutMS=10000, receiveBufferSize=0, proxySettings=ProxySettings{host=null, port=null, username=null, password=null}}, connectionPoolSettings=ConnectionPoolSettings{maxSize=100, minSize=0, maxWaitTimeMS=120000, maxConnectionLifeTimeMS=0, maxConnectionIdleTimeMS=0, maintenanceInitialDelayMS=0, maintenanceFrequencyMS=60000, connectionPoolListeners=[], maxConnecting=2}, serverSettings=ServerSettings{heartbeatFrequencyMS=10000, minHeartbeatFrequencyMS=500, serverListeners='[]', serverMonitorListeners='[]'}, sslSettings=SslSettings{enabled=true, invalidHostNameAllowed=false, context=null}, applicationName='null', compressorList=[], uuidRepresentation=JAVA_LEGACY, serverApi=null, autoEncryptionSettings=null, dnsClient=null, inetAddressResolver=null, contextProvider=null}
2024-06-03T21:34:20.360-05:00  INFO 13624 --- [Veterinaria] [f6u.mongodb.net] org.mongodb.driver.cluster               : Adding discovered server ac-pxhvdaq-shard-00-01.bjgtf6u.mongodb.net:27017 to client view of cluster
2024-06-03T21:34:20.371-05:00  INFO 13624 --- [Veterinaria] [f6u.mongodb.net] org.mongodb.driver.cluster               : Adding discovered server ac-pxhvdaq-shard-00-00.bjgtf6u.mongodb.net:27017 to client view of cluster
2024-06-03T21:34:22.057-05:00  INFO 13624 --- [Veterinaria] [ngodb.net:27017] org.mongodb.driver.cluster               : Monitor thread successfully connected to server with description ServerDescription{address=ac-pxhvdaq-shard-00-00.bjgtf6u.mongodb.net:27017, type=REPLICA_SET_SECONDARY, state=CONNECTED, ok=true, minWireVersion=0, maxWireVersion=21, maxDocumentSize=16777216, logicalSessionTimeoutMinutes=30, roundTripTimeNanos=849513900, setName='atlas-58cirg-shard-0', canonicalAddress=ac-pxhvdaq-shard-00-00.bjgtf6u.mongodb.net:27017, hosts=[ac-pxhvdaq-shard-00-00.bjgtf6u.mongodb.net:27017, ac-pxhvdaq-shard-00-01.bjgtf6u.mongodb.net:27017, ac-pxhvdaq-shard-00-02.bjgtf6u.mongodb.net:27017], passives=[], arbiters=[], primary='ac-pxhvdaq-shard-00-01.bjgtf6u.mongodb.net:27017', tagSet=TagSet{[Tag{name='availabilityZone', value='sae1-az1'}, Tag{name='diskState', value='READY'}, Tag{name='nodeType', value='ELECTABLE'}, Tag{name='provider', value='AWS'}, Tag{name='region', value='SA_EAST_1'}, Tag{name='workloadType', value='OPERATIONAL'}]}, electionId=null, setVersion=6, topologyVersion=TopologyVersion{processId=66560eadb02ab9910c9f20b7, counter=4}, lastWriteDate=Mon Jun 03 21:34:22 COT 2024, lastUpdateTimeNanos=306577020106100}
2024-06-03T21:34:22.060-05:00  INFO 13624 --- [Veterinaria] [ngodb.net:27017] org.mongodb.driver.cluster               : Monitor thread successfully connected to server with description ServerDescription{address=ac-pxhvdaq-shard-00-02.bjgtf6u.mongodb.net:27017, type=REPLICA_SET_SECONDARY, state=CONNECTED, ok=true, minWireVersion=0, maxWireVersion=21, maxDocumentSize=16777216, logicalSessionTimeoutMinutes=30, roundTripTimeNanos=851729200, setName='atlas-58cirg-shard-0', canonicalAddress=ac-pxhvdaq-shard-00-02.bjgtf6u.mongodb.net:27017, hosts=[ac-pxhvdaq-shard-00-00.bjgtf6u.mongodb.net:27017, ac-pxhvdaq-shard-00-01.bjgtf6u.mongodb.net:27017, ac-pxhvdaq-shard-00-02.bjgtf6u.mongodb.net:27017], passives=[], arbiters=[], primary='ac-pxhvdaq-shard-00-01.bjgtf6u.mongodb.net:27017', tagSet=TagSet{[Tag{name='availabilityZone', value='sae1-az2'}, Tag{name='diskState', value='READY'}, Tag{name='nodeType', value='ELECTABLE'}, Tag{name='provider', value='AWS'}, Tag{name='region', value='SA_EAST_1'}, Tag{name='workloadType', value='OPERATIONAL'}]}, electionId=null, setVersion=6, topologyVersion=TopologyVersion{processId=66560f52400588db904c0ba1, counter=3}, lastWriteDate=Mon Jun 03 21:34:22 COT 2024, lastUpdateTimeNanos=306577022566600}
2024-06-03T21:34:22.060-05:00  INFO 13624 --- [Veterinaria] [ngodb.net:27017] org.mongodb.driver.cluster               : Monitor thread successfully connected to server with description ServerDescription{address=ac-pxhvdaq-shard-00-01.bjgtf6u.mongodb.net:27017, type=REPLICA_SET_PRIMARY, state=CONNECTED, ok=true, minWireVersion=0, maxWireVersion=21, maxDocumentSize=16777216, logicalSessionTimeoutMinutes=30, roundTripTimeNanos=851670900, setName='atlas-58cirg-shard-0', canonicalAddress=ac-pxhvdaq-shard-00-01.bjgtf6u.mongodb.net:27017, hosts=[ac-pxhvdaq-shard-00-00.bjgtf6u.mongodb.net:27017, ac-pxhvdaq-shard-00-01.bjgtf6u.mongodb.net:27017, ac-pxhvdaq-shard-00-02.bjgtf6u.mongodb.net:27017], passives=[], arbiters=[], primary='ac-pxhvdaq-shard-00-01.bjgtf6u.mongodb.net:27017', tagSet=TagSet{[Tag{name='availabilityZone', value='sae1-az3'}, Tag{name='diskState', value='READY'}, Tag{name='nodeType', value='ELECTABLE'}, Tag{name='provider', value='AWS'}, Tag{name='region', value='SA_EAST_1'}, Tag{name='workloadType', value='OPERATIONAL'}]}, electionId=7fffffff000000000000006d, setVersion=6, topologyVersion=TopologyVersion{processId=66560effda7f353c8d133ac2, counter=6}, lastWriteDate=Mon Jun 03 21:34:22 COT 2024, lastUpdateTimeNanos=306577022609600}
2024-06-03T21:34:22.075-05:00  INFO 13624 --- [Veterinaria] [ngodb.net:27017] org.mongodb.driver.cluster               : Discovered replica set primary ac-pxhvdaq-shard-00-01.bjgtf6u.mongodb.net:27017 with max election id 7fffffff000000000000006d and max set version 6
2024-06-03T21:34:23.275-05:00  INFO 13624 --- [Veterinaria] [           main] o.s.b.a.w.s.WelcomePageHandlerMapping    : Adding welcome page template: index
2024-06-03T21:34:24.281-05:00  INFO 13624 --- [Veterinaria] [           main] c.e.V.App.VeterinariaApplicationTests    : Started VeterinariaApplicationTests in 8.448 seconds (process running for 11.722)
]]></system-out>
  </testcase>
</testsuite>